<?xml version="1.0" encoding="UTF-8"?>
<testsuite xmlns:xsi="http://www.w3.org/2001/XMLSchema-instance" xsi:noNamespaceSchemaLocation="https://maven.apache.org/surefire/maven-surefire-plugin/xsd/surefire-test-report.xsd" name="top.calvinhaynes.HelloWorldTest" time="0.037" tests="1" errors="0" skipped="0" failures="0">
  <properties>
    <property name="sun.desktop" value="windows"/>
    <property name="awt.toolkit" value="sun.awt.windows.WToolkit"/>
    <property name="file.encoding.pkg" value="sun.io"/>
    <property name="java.specification.version" value="1.8"/>
    <property name="sun.cpu.isalist" value="amd64"/>
    <property name="sun.jnu.encoding" value="GBK"/>
    <property name="java.class.path" value="D:\OpenSource\My Repository\My Repository for Github\Spring_Boot_Application\Demo1_HelloWorld\target\test-classes;D:\OpenSource\My Repository\My Repository for Github\Spring_Boot_Application\Demo1_HelloWorld\target\classes;D:\Software\JAVA\apache-maven-3.8.1-bin\Maven_Repository\junit\junit\4.11\junit-4.11.jar;D:\Software\JAVA\apache-maven-3.8.1-bin\Maven_Repository\org\hamcrest\hamcrest-core\2.2\hamcrest-core-2.2.jar;D:\Software\JAVA\apache-maven-3.8.1-bin\Maven_Repository\org\hamcrest\hamcrest\2.2\hamcrest-2.2.jar;D:\Software\JAVA\apache-maven-3.8.1-bin\Maven_Repository\org\springframework\boot\spring-boot-starter-web\2.5.2\spring-boot-starter-web-2.5.2.jar;D:\Software\JAVA\apache-maven-3.8.1-bin\Maven_Repository\org\springframework\boot\spring-boot-starter\2.5.2\spring-boot-starter-2.5.2.jar;D:\Software\JAVA\apache-maven-3.8.1-bin\Maven_Repository\org\springframework\boot\spring-boot\2.5.2\spring-boot-2.5.2.jar;D:\Software\JAVA\apache-maven-3.8.1-bin\Maven_Repository\org\springframework\boot\spring-boot-autoconfigure\2.5.2\spring-boot-autoconfigure-2.5.2.jar;D:\Software\JAVA\apache-maven-3.8.1-bin\Maven_Repository\org\springframework\boot\spring-boot-starter-logging\2.5.2\spring-boot-starter-logging-2.5.2.jar;D:\Software\JAVA\apache-maven-3.8.1-bin\Maven_Repository\ch\qos\logback\logback-classic\1.2.3\logback-classic-1.2.3.jar;D:\Software\JAVA\apache-maven-3.8.1-bin\Maven_Repository\ch\qos\logback\logback-core\1.2.3\logback-core-1.2.3.jar;D:\Software\JAVA\apache-maven-3.8.1-bin\Maven_Repository\org\slf4j\slf4j-api\1.7.31\slf4j-api-1.7.31.jar;D:\Software\JAVA\apache-maven-3.8.1-bin\Maven_Repository\org\apache\logging\log4j\log4j-to-slf4j\2.14.1\log4j-to-slf4j-2.14.1.jar;D:\Software\JAVA\apache-maven-3.8.1-bin\Maven_Repository\org\apache\logging\log4j\log4j-api\2.14.1\log4j-api-2.14.1.jar;D:\Software\JAVA\apache-maven-3.8.1-bin\Maven_Repository\org\slf4j\jul-to-slf4j\1.7.31\jul-to-slf4j-1.7.31.jar;D:\Software\JAVA\apache-maven-3.8.1-bin\Maven_Repository\jakarta\annotation\jakarta.annotation-api\1.3.5\jakarta.annotation-api-1.3.5.jar;D:\Software\JAVA\apache-maven-3.8.1-bin\Maven_Repository\org\springframework\spring-core\5.3.8\spring-core-5.3.8.jar;D:\Software\JAVA\apache-maven-3.8.1-bin\Maven_Repository\org\springframework\spring-jcl\5.3.8\spring-jcl-5.3.8.jar;D:\Software\JAVA\apache-maven-3.8.1-bin\Maven_Repository\org\yaml\snakeyaml\1.28\snakeyaml-1.28.jar;D:\Software\JAVA\apache-maven-3.8.1-bin\Maven_Repository\org\springframework\boot\spring-boot-starter-json\2.5.2\spring-boot-starter-json-2.5.2.jar;D:\Software\JAVA\apache-maven-3.8.1-bin\Maven_Repository\com\fasterxml\jackson\core\jackson-databind\2.12.3\jackson-databind-2.12.3.jar;D:\Software\JAVA\apache-maven-3.8.1-bin\Maven_Repository\com\fasterxml\jackson\core\jackson-annotations\2.12.3\jackson-annotations-2.12.3.jar;D:\Software\JAVA\apache-maven-3.8.1-bin\Maven_Repository\com\fasterxml\jackson\core\jackson-core\2.12.3\jackson-core-2.12.3.jar;D:\Software\JAVA\apache-maven-3.8.1-bin\Maven_Repository\com\fasterxml\jackson\datatype\jackson-datatype-jdk8\2.12.3\jackson-datatype-jdk8-2.12.3.jar;D:\Software\JAVA\apache-maven-3.8.1-bin\Maven_Repository\com\fasterxml\jackson\datatype\jackson-datatype-jsr310\2.12.3\jackson-datatype-jsr310-2.12.3.jar;D:\Software\JAVA\apache-maven-3.8.1-bin\Maven_Repository\com\fasterxml\jackson\module\jackson-module-parameter-names\2.12.3\jackson-module-parameter-names-2.12.3.jar;D:\Software\JAVA\apache-maven-3.8.1-bin\Maven_Repository\org\springframework\boot\spring-boot-starter-tomcat\2.5.2\spring-boot-starter-tomcat-2.5.2.jar;D:\Software\JAVA\apache-maven-3.8.1-bin\Maven_Repository\org\apache\tomcat\embed\tomcat-embed-core\9.0.48\tomcat-embed-core-9.0.48.jar;D:\Software\JAVA\apache-maven-3.8.1-bin\Maven_Repository\org\apache\tomcat\embed\tomcat-embed-el\9.0.48\tomcat-embed-el-9.0.48.jar;D:\Software\JAVA\apache-maven-3.8.1-bin\Maven_Repository\org\apache\tomcat\embed\tomcat-embed-websocket\9.0.48\tomcat-embed-websocket-9.0.48.jar;D:\Software\JAVA\apache-maven-3.8.1-bin\Maven_Repository\org\springframework\spring-web\5.3.8\spring-web-5.3.8.jar;D:\Software\JAVA\apache-maven-3.8.1-bin\Maven_Repository\org\springframework\spring-beans\5.3.8\spring-beans-5.3.8.jar;D:\Software\JAVA\apache-maven-3.8.1-bin\Maven_Repository\org\springframework\spring-webmvc\5.3.8\spring-webmvc-5.3.8.jar;D:\Software\JAVA\apache-maven-3.8.1-bin\Maven_Repository\org\springframework\spring-aop\5.3.8\spring-aop-5.3.8.jar;D:\Software\JAVA\apache-maven-3.8.1-bin\Maven_Repository\org\springframework\spring-context\5.3.8\spring-context-5.3.8.jar;D:\Software\JAVA\apache-maven-3.8.1-bin\Maven_Repository\org\springframework\spring-expression\5.3.8\spring-expression-5.3.8.jar;"/>
    <property name="java.vm.vendor" value="Oracle Corporation"/>
    <property name="sun.arch.data.model" value="64"/>
    <property name="user.variant" value=""/>
    <property name="java.vendor.url" value="http://java.oracle.com/"/>
    <property name="user.timezone" value="Asia/Shanghai"/>
    <property name="java.vm.specification.version" value="1.8"/>
    <property name="os.name" value="Windows 10"/>
    <property name="user.country" value="CN"/>
    <property name="sun.java.launcher" value="SUN_STANDARD"/>
    <property name="sun.boot.library.path" value="D:\Software\JAVA\jdk1.8.0_181\jre\bin"/>
    <property name="sun.java.command" value="C:\Users\ADMINI~1\AppData\Local\Temp\surefire6192852821414276059\surefirebooter1569911667848172484.jar C:\Users\Administrator\AppData\Local\Temp\surefire6192852821414276059 2021-07-22T23-48-39_839-jvmRun1 surefire8694179321404084837tmp surefire_07552261112381269430tmp"/>
    <property name="surefire.test.class.path" value="D:\OpenSource\My Repository\My Repository for Github\Spring_Boot_Application\Demo1_HelloWorld\target\test-classes;D:\OpenSource\My Repository\My Repository for Github\Spring_Boot_Application\Demo1_HelloWorld\target\classes;D:\Software\JAVA\apache-maven-3.8.1-bin\Maven_Repository\junit\junit\4.11\junit-4.11.jar;D:\Software\JAVA\apache-maven-3.8.1-bin\Maven_Repository\org\hamcrest\hamcrest-core\2.2\hamcrest-core-2.2.jar;D:\Software\JAVA\apache-maven-3.8.1-bin\Maven_Repository\org\hamcrest\hamcrest\2.2\hamcrest-2.2.jar;D:\Software\JAVA\apache-maven-3.8.1-bin\Maven_Repository\org\springframework\boot\spring-boot-starter-web\2.5.2\spring-boot-starter-web-2.5.2.jar;D:\Software\JAVA\apache-maven-3.8.1-bin\Maven_Repository\org\springframework\boot\spring-boot-starter\2.5.2\spring-boot-starter-2.5.2.jar;D:\Software\JAVA\apache-maven-3.8.1-bin\Maven_Repository\org\springframework\boot\spring-boot\2.5.2\spring-boot-2.5.2.jar;D:\Software\JAVA\apache-maven-3.8.1-bin\Maven_Repository\org\springframework\boot\spring-boot-autoconfigure\2.5.2\spring-boot-autoconfigure-2.5.2.jar;D:\Software\JAVA\apache-maven-3.8.1-bin\Maven_Repository\org\springframework\boot\spring-boot-starter-logging\2.5.2\spring-boot-starter-logging-2.5.2.jar;D:\Software\JAVA\apache-maven-3.8.1-bin\Maven_Repository\ch\qos\logback\logback-classic\1.2.3\logback-classic-1.2.3.jar;D:\Software\JAVA\apache-maven-3.8.1-bin\Maven_Repository\ch\qos\logback\logback-core\1.2.3\logback-core-1.2.3.jar;D:\Software\JAVA\apache-maven-3.8.1-bin\Maven_Repository\org\slf4j\slf4j-api\1.7.31\slf4j-api-1.7.31.jar;D:\Software\JAVA\apache-maven-3.8.1-bin\Maven_Repository\org\apache\logging\log4j\log4j-to-slf4j\2.14.1\log4j-to-slf4j-2.14.1.jar;D:\Software\JAVA\apache-maven-3.8.1-bin\Maven_Repository\org\apache\logging\log4j\log4j-api\2.14.1\log4j-api-2.14.1.jar;D:\Software\JAVA\apache-maven-3.8.1-bin\Maven_Repository\org\slf4j\jul-to-slf4j\1.7.31\jul-to-slf4j-1.7.31.jar;D:\Software\JAVA\apache-maven-3.8.1-bin\Maven_Repository\jakarta\annotation\jakarta.annotation-api\1.3.5\jakarta.annotation-api-1.3.5.jar;D:\Software\JAVA\apache-maven-3.8.1-bin\Maven_Repository\org\springframework\spring-core\5.3.8\spring-core-5.3.8.jar;D:\Software\JAVA\apache-maven-3.8.1-bin\Maven_Repository\org\springframework\spring-jcl\5.3.8\spring-jcl-5.3.8.jar;D:\Software\JAVA\apache-maven-3.8.1-bin\Maven_Repository\org\yaml\snakeyaml\1.28\snakeyaml-1.28.jar;D:\Software\JAVA\apache-maven-3.8.1-bin\Maven_Repository\org\springframework\boot\spring-boot-starter-json\2.5.2\spring-boot-starter-json-2.5.2.jar;D:\Software\JAVA\apache-maven-3.8.1-bin\Maven_Repository\com\fasterxml\jackson\core\jackson-databind\2.12.3\jackson-databind-2.12.3.jar;D:\Software\JAVA\apache-maven-3.8.1-bin\Maven_Repository\com\fasterxml\jackson\core\jackson-annotations\2.12.3\jackson-annotations-2.12.3.jar;D:\Software\JAVA\apache-maven-3.8.1-bin\Maven_Repository\com\fasterxml\jackson\core\jackson-core\2.12.3\jackson-core-2.12.3.jar;D:\Software\JAVA\apache-maven-3.8.1-bin\Maven_Repository\com\fasterxml\jackson\datatype\jackson-datatype-jdk8\2.12.3\jackson-datatype-jdk8-2.12.3.jar;D:\Software\JAVA\apache-maven-3.8.1-bin\Maven_Repository\com\fasterxml\jackson\datatype\jackson-datatype-jsr310\2.12.3\jackson-datatype-jsr310-2.12.3.jar;D:\Software\JAVA\apache-maven-3.8.1-bin\Maven_Repository\com\fasterxml\jackson\module\jackson-module-parameter-names\2.12.3\jackson-module-parameter-names-2.12.3.jar;D:\Software\JAVA\apache-maven-3.8.1-bin\Maven_Repository\org\springframework\boot\spring-boot-starter-tomcat\2.5.2\spring-boot-starter-tomcat-2.5.2.jar;D:\Software\JAVA\apache-maven-3.8.1-bin\Maven_Repository\org\apache\tomcat\embed\tomcat-embed-core\9.0.48\tomcat-embed-core-9.0.48.jar;D:\Software\JAVA\apache-maven-3.8.1-bin\Maven_Repository\org\apache\tomcat\embed\tomcat-embed-el\9.0.48\tomcat-embed-el-9.0.48.jar;D:\Software\JAVA\apache-maven-3.8.1-bin\Maven_Repository\org\apache\tomcat\embed\tomcat-embed-websocket\9.0.48\tomcat-embed-websocket-9.0.48.jar;D:\Software\JAVA\apache-maven-3.8.1-bin\Maven_Repository\org\springframework\spring-web\5.3.8\spring-web-5.3.8.jar;D:\Software\JAVA\apache-maven-3.8.1-bin\Maven_Repository\org\springframework\spring-beans\5.3.8\spring-beans-5.3.8.jar;D:\Software\JAVA\apache-maven-3.8.1-bin\Maven_Repository\org\springframework\spring-webmvc\5.3.8\spring-webmvc-5.3.8.jar;D:\Software\JAVA\apache-maven-3.8.1-bin\Maven_Repository\org\springframework\spring-aop\5.3.8\spring-aop-5.3.8.jar;D:\Software\JAVA\apache-maven-3.8.1-bin\Maven_Repository\org\springframework\spring-context\5.3.8\spring-context-5.3.8.jar;D:\Software\JAVA\apache-maven-3.8.1-bin\Maven_Repository\org\springframework\spring-expression\5.3.8\spring-expression-5.3.8.jar;"/>
    <property name="sun.cpu.endian" value="little"/>
    <property name="user.home" value="C:\Users\Administrator"/>
    <property name="user.language" value="zh"/>
    <property name="java.specification.vendor" value="Oracle Corporation"/>
    <property name="java.home" value="D:\Software\JAVA\jdk1.8.0_181\jre"/>
    <property name="basedir" value="D:\OpenSource\My Repository\My Repository for Github\Spring_Boot_Application\Demo1_HelloWorld"/>
    <property name="file.separator" value="\"/>
    <property name="line.separator" value="&#10;"/>
    <property name="java.vm.specification.vendor" value="Oracle Corporation"/>
    <property name="java.specification.name" value="Java Platform API Specification"/>
    <property name="java.awt.graphicsenv" value="sun.awt.Win32GraphicsEnvironment"/>
    <property name="surefire.real.class.path" value="C:\Users\ADMINI~1\AppData\Local\Temp\surefire6192852821414276059\surefirebooter1569911667848172484.jar"/>
    <property name="sun.boot.class.path" value="D:\Software\JAVA\jdk1.8.0_181\jre\lib\resources.jar;D:\Software\JAVA\jdk1.8.0_181\jre\lib\rt.jar;D:\Software\JAVA\jdk1.8.0_181\jre\lib\sunrsasign.jar;D:\Software\JAVA\jdk1.8.0_181\jre\lib\jsse.jar;D:\Software\JAVA\jdk1.8.0_181\jre\lib\jce.jar;D:\Software\JAVA\jdk1.8.0_181\jre\lib\charsets.jar;D:\Software\JAVA\jdk1.8.0_181\jre\lib\jfr.jar;D:\Software\JAVA\jdk1.8.0_181\jre\classes"/>
    <property name="user.script" value=""/>
    <property name="sun.management.compiler" value="HotSpot 64-Bit Tiered Compilers"/>
    <property name="java.runtime.version" value="1.8.0_181-b13"/>
    <property name="user.name" value="Administrator"/>
    <property name="path.separator" value=";"/>
    <property name="os.version" value="10.0"/>
    <property name="java.endorsed.dirs" value="D:\Software\JAVA\jdk1.8.0_181\jre\lib\endorsed"/>
    <property name="java.runtime.name" value="Java(TM) SE Runtime Environment"/>
    <property name="file.encoding" value="GBK"/>
    <property name="java.vm.name" value="Java HotSpot(TM) 64-Bit Server VM"/>
    <property name="localRepository" value="D:\Software\JAVA\apache-maven-3.8.1-bin\Maven_Repository"/>
    <property name="java.vendor.url.bug" value="http://bugreport.sun.com/bugreport/"/>
    <property name="java.io.tmpdir" value="C:\Users\ADMINI~1\AppData\Local\Temp\"/>
    <property name="idea.version" value="2021.1.3"/>
    <property name="java.version" value="1.8.0_181"/>
    <property name="user.dir" value="D:\OpenSource\My Repository\My Repository for Github\Spring_Boot_Application\Demo1_HelloWorld"/>
    <property name="os.arch" value="amd64"/>
    <property name="java.vm.specification.name" value="Java Virtual Machine Specification"/>
    <property name="java.awt.printerjob" value="sun.awt.windows.WPrinterJob"/>
    <property name="sun.os.patch.level" value=""/>
    <property name="java.library.path" value="D:\Software\JAVA\jdk1.8.0_181\jre\bin;C:\WINDOWS\Sun\Java\bin;C:\WINDOWS\system32;C:\WINDOWS;D:\Software\VMware\bin\;D:\Software\python\Scripts\;D:\Software\JAVA\jdk1.8.0_181\jre\bin;D:\Software\python\;D:\Software\Scripts\;D:\Software\;C:\WINDOWS\system32;C:\WINDOWS;C:\WINDOWS\System32\Wbem;C:\WINDOWS\System32\WindowsPowerShell\v1.0\;C:\WINDOWS\System32\OpenSSH\;D:\Software\matlab2020b\matlab2020b\runtime\win64;D:\Software\matlab2020b\matlab2020b\bin;D:\Software\matlab2020b\matlab2020b\polyspace\bin;D:\Software\TortoiseGit\bin;D:\Software\Git\Git\cmd;C:\ProgramData\chocolatey\bin;C:\Program Files (x86)\dotnet\;D:\Software\JAVA\NodeJs\;D:\Software\Vscode\MinGW\mingw32\bin;D:\Software\ffmpeg-4.4-full_build\bin;C:\Program Files\MySQL\MySQL Server 8.0\bin;D:\Software\JAVA\jdk1.8.0_181\bin;D:\Software\JAVA\apache-maven-3.8.1-bin\apache-maven-3.8.1\bin;D:\Software\Vscode\Microsoft VS Code\bin;C:\Users\Administrator\AppData\Local\GitHubDesktop\bin;D:\Software\STM32\Java_Envionment_For_CubeMX\bin;D:\Software\python;C:\Users\Administrator\AppData\Roaming\npm;D:\Software\Vscode\MinGW\mingw32\bin;C:\Users\Administrator\AppData\Local\Microsoft\WindowsApps;D:\Software\JAVA\Interllij IDEA\IntelliJ IDEA 2021.1.2\bin;;;."/>
    <property name="java.vm.info" value="mixed mode"/>
    <property name="java.vendor" value="Oracle Corporation"/>
    <property name="java.vm.version" value="25.181-b13"/>
    <property name="java.ext.dirs" value="D:\Software\JAVA\jdk1.8.0_181\jre\lib\ext;C:\WINDOWS\Sun\Java\lib\ext"/>
    <property name="sun.io.unicode.encoding" value="UnicodeLittle"/>
    <property name="maven.repo.local" value="D:\Software\JAVA\apache-maven-3.8.1-bin\Maven_Repository"/>
    <property name="java.class.version" value="52.0"/>
  </properties>
  <testcase name="shouldAnswerWithTrue" classname="top.calvinhaynes.HelloWorldTest" time="0.001"/>
</testsuite>